#
# There is insufficient memory for the Java Runtime Environment to continue.
# Native memory allocation (mmap) failed to map 264241152 bytes for G1 virtual space
# Possible reasons:
#   The system is out of physical RAM or swap space
#   The process is running with CompressedOops enabled, and the Java Heap may be blocking the growth of the native heap
# Possible solutions:
#   Reduce memory load on the system
#   Increase physical memory or swap space
#   Check if swap backing store is full
#   Decrease Java heap size (-Xmx/-Xms)
#   Decrease number of Java threads
#   Decrease Java thread stack sizes (-Xss)
#   Set larger code cache with -XX:ReservedCodeCacheSize=
#   JVM is running with Unscaled Compressed Oops mode in which the Java heap is
#     placed in the first 4GB address space. The Java Heap base address is the
#     maximum limit for the native heap growth. Please use -XX:HeapBaseMinAddress
#     to set the Java Heap base and to place the Java Heap above 4GB virtual address.
# This output file may be truncated or incomplete.
#
#  Out of Memory Error (os_windows.cpp:3527), pid=21636, tid=77040
#
# JRE version: Java(TM) SE Runtime Environment (19.0.1+10) (build 19.0.1+10-21)
# Java VM: Java HotSpot(TM) 64-Bit Server VM (19.0.1+10-21, mixed mode, sharing, tiered, compressed oops, compressed class ptrs, g1 gc, windows-amd64)
# No core dump will be written. Minidumps are not enabled by default on client versions of Windows
#

---------------  S U M M A R Y ------------

Command Line: -agentlib:jdwp=transport=dt_socket,address=127.0.0.1:56010,suspend=y,server=n -javaagent:C:\Users\caspa\AppData\Local\JetBrains\IdeaIC2022.2\captureAgent\debugger-agent.jar -Dfile.encoding=UTF-8 -Dsun.stdout.encoding=UTF-8 -Dsun.stderr.encoding=UTF-8 Main

Host: 11th Gen Intel(R) Core(TM) i5-1135G7 @ 2.40GHz, 8 cores, 7G,  Windows 11 , 64 bit Build 22621 (10.0.22621.1105)
Time: Wed Feb  8 12:07:07 2023 GMT Standard Time elapsed time: 0.367481 seconds (0d 0h 0m 0s)

---------------  T H R E A D  ---------------

Current thread (0x0000015d7f4bc070):  VMThread "VM Thread" [stack: 0x0000002ffec00000,0x0000002ffed00000] [id=77040]

Stack: [0x0000002ffec00000,0x0000002ffed00000]
Native frames: (J=compiled Java code, j=interpreted, Vv=VM code, C=native code)
V  [jvm.dll+0x6ee8fa]
V  [jvm.dll+0x857a1e]
V  [jvm.dll+0x85940e]
V  [jvm.dll+0x859ac3]
V  [jvm.dll+0x28291f]
V  [jvm.dll+0x6eb6e9]
V  [jvm.dll+0x6e028a]
V  [jvm.dll+0x357136]
V  [jvm.dll+0x35eb96]
V  [jvm.dll+0x3b555e]
V  [jvm.dll+0x3b578f]
V  [jvm.dll+0x32c6ea]
V  [jvm.dll+0x32c797]
V  [jvm.dll+0x374b52]
V  [jvm.dll+0x37328f]
V  [jvm.dll+0x32bf10]
V  [jvm.dll+0x37282b]
V  [jvm.dll+0x85ef83]
V  [jvm.dll+0x85fd49]
V  [jvm.dll+0x86027d]
V  [jvm.dll+0x86070b]
V  [jvm.dll+0x8607c7]
V  [jvm.dll+0x8015fa]
V  [jvm.dll+0x6ed5eb]
C  [ucrtbase.dll+0x29363]
C  [KERNEL32.DLL+0x126bd]
C  [ntdll.dll+0x5dfb8]

VM_Operation (0x0000002ffe6ff420): G1CollectForAllocation, mode: safepoint, requested by thread 0x0000015d71dda810


---------------  P R O C E S S  ---------------

Threads class SMR info:
_java_thread_list=0x0000015d7f7d8a10, length=15, elements={
0x0000015d71dda810, 0x0000015d7f4d5a90, 0x0000015d7f4d6f80, 0x0000015d7f4dd410,
0x0000015d7f4e0340, 0x0000015d7f4e25c0, 0x0000015d7f4e39d0, 0x0000015d7f4ea4c0,
0x0000015d7f4eae30, 0x0000015d7f4ec0f0, 0x0000015d7f4ed0e0, 0x0000015d7f78af70,
0x0000015d7f78b6d0, 0x0000015d7f82c040, 0x0000015d7f4ee0d0
}

Java Threads: ( => current thread )
  0x0000015d71dda810 JavaThread "main" [_thread_blocked, id=75628, stack(0x0000002ffe600000,0x0000002ffe700000)]
  0x0000015d7f4d5a90 JavaThread "Reference Handler" daemon [_thread_blocked, id=82472, stack(0x0000002ffed00000,0x0000002ffee00000)]
  0x0000015d7f4d6f80 JavaThread "Finalizer" daemon [_thread_blocked, id=80016, stack(0x0000002ffee00000,0x0000002ffef00000)]
  0x0000015d7f4dd410 JavaThread "Signal Dispatcher" daemon [_thread_blocked, id=81072, stack(0x0000002ffef00000,0x0000002fff000000)]
  0x0000015d7f4e0340 JavaThread "Attach Listener" daemon [_thread_blocked, id=78300, stack(0x0000002fff000000,0x0000002fff100000)]
  0x0000015d7f4e25c0 JavaThread "Service Thread" daemon [_thread_blocked, id=12184, stack(0x0000002fff100000,0x0000002fff200000)]
  0x0000015d7f4e39d0 JavaThread "Monitor Deflation Thread" daemon [_thread_blocked, id=62296, stack(0x0000002fff200000,0x0000002fff300000)]
  0x0000015d7f4ea4c0 JavaThread "C2 CompilerThread0" daemon [_thread_blocked, id=82412, stack(0x0000002fff300000,0x0000002fff400000)]
  0x0000015d7f4eae30 JavaThread "C1 CompilerThread0" daemon [_thread_blocked, id=55428, stack(0x0000002fff400000,0x0000002fff500000)]
  0x0000015d7f4ec0f0 JavaThread "Sweeper thread" daemon [_thread_blocked, id=82820, stack(0x0000002fff500000,0x0000002fff600000)]
  0x0000015d7f4ed0e0 JavaThread "Common-Cleaner" daemon [_thread_blocked, id=82692, stack(0x0000002fff600000,0x0000002fff700000)]
  0x0000015d7f78af70 JavaThread "JDWP Transport Listener: dt_socket" daemon [_thread_blocked, id=82648, stack(0x0000002fff700000,0x0000002fff800000)]
  0x0000015d7f78b6d0 JavaThread "JDWP Event Helper Thread" daemon [_thread_blocked, id=81744, stack(0x0000002fff800000,0x0000002fff900000)]
  0x0000015d7f82c040 JavaThread "JDWP Command Reader" daemon [_thread_in_native, id=81112, stack(0x0000002fff900000,0x0000002fffa00000)]
  0x0000015d7f4ee0d0 JavaThread "Notification Thread" daemon [_thread_blocked, id=79712, stack(0x0000002fffa00000,0x0000002fffb00000)]

Other Threads:
=>0x0000015d7f4bc070 VMThread "VM Thread" [stack: 0x0000002ffec00000,0x0000002ffed00000] [id=77040]
  0x0000015d7f889c80 WatcherThread "VM Periodic Task Thread" [stack: 0x0000002fffb00000,0x0000002fffc00000] [id=81992]
  0x0000015d71e39ff0 WorkerThread "GC Thread#0" [stack: 0x0000002ffe700000,0x0000002ffe800000] [id=82624]
  0x0000015d7f871330 WorkerThread "GC Thread#1" [stack: 0x0000002fffc00000,0x0000002fffd00000] [id=74632]
  0x0000015d7f89ea60 WorkerThread "GC Thread#2" [stack: 0x0000002fffd00000,0x0000002fffe00000] [id=82096]
  0x0000015d7f9359a0 WorkerThread "GC Thread#3" [stack: 0x0000002fffe00000,0x0000002ffff00000] [id=82044]
  0x0000015d7f935c70 WorkerThread "GC Thread#4" [stack: 0x0000002ffff00000,0x0000003000000000] [id=22028]
  0x0000015d7f93df60 WorkerThread "GC Thread#5" [stack: 0x0000002f80000000,0x0000002f80100000] [id=82740]
  0x0000015d7f940d70 WorkerThread "GC Thread#6" [stack: 0x0000002f80100000,0x0000002f80200000] [id=82744]
  0x0000015d7f9423f0 WorkerThread "GC Thread#7" [stack: 0x0000002f80200000,0x0000002f80300000] [id=82564]
  0x0000015d71e4ab90 ConcurrentGCThread "G1 Main Marker" [stack: 0x0000002ffe800000,0x0000002ffe900000] [id=82616]
  0x0000015d71e4bd60 WorkerThread "G1 Conc#0" [stack: 0x0000002ffe900000,0x0000002ffea00000] [id=82520]
  0x0000015d7f941040 WorkerThread "G1 Conc#1" [stack: 0x0000002f80300000,0x0000002f80400000] [id=81328]
  0x0000015d71e9e940 ConcurrentGCThread "G1 Refine#0" [stack: 0x0000002ffea00000,0x0000002ffeb00000] [id=82536]
  0x0000015d7f371540 ConcurrentGCThread "G1 Service" [stack: 0x0000002ffeb00000,0x0000002ffec00000] [id=82508]

Threads with active compile tasks:

VM state: at safepoint (normal execution)

VM Mutex/Monitor currently owned by a thread:  ([mutex/lock_event])
[0x0000015d71dd4df0] Threads_lock - owner thread: 0x0000015d7f4bc070
[0x0000015d71dd4f10] Heap_lock - owner thread: 0x0000015d71dda810

Heap address: 0x0000000083600000, size: 1994 MB, Compressed Oops mode: 32-bit

CDS archive(s) mapped at: [0x0000000800000000-0x0000000800c40000-0x0000000800c40000), size 12845056, SharedBaseAddress: 0x0000000800000000, ArchiveRelocationMode: 0.
Compressed class space mapped at: 0x0000000801000000-0x0000000841000000, reserved size: 1073741824
Narrow klass base: 0x0000000800000000, Narrow klass shift: 0, Narrow klass range: 0x100000000

GC Precious Log:
 CardTable entry size: 512
 Card Set container configuration: InlinePtr #cards 5 size 8 Array Of Cards #cards 12 size 40 Howl #buckets 4 coarsen threshold 1843 Howl Bitmap #cards 512 size 80 coarsen threshold 460 Card regions per heap region 1 cards per card region 2048
 CPUs: 8 total, 8 available
 Memory: 7975M
 Large Page Support: Disabled
 NUMA Support: Disabled
 Compressed Oops: Enabled (32-bit)
 Heap Region Size: 1M
 Heap Min Capacity: 8M
 Heap Initial Capacity: 126M
 Heap Max Capacity: 1994M
 Pre-touch: Disabled
 Parallel Workers: 8
 Concurrent Workers: 2
 Concurrent Refinement Workers: 8
 Periodic GC: Disabled

Heap:
 garbage-first heap   total 129024K, used 94720K [0x0000000083600000, 0x0000000100000000)
  region size 1024K, 2 young (2048K), 2 survivors (2048K)
 Metaspace       used 893K, committed 1024K, reserved 1114112K
  class space    used 68K, committed 128K, reserved 1048576K

Heap Regions: E=young(eden), S=young(survivor), O=old, HS=humongous(starts), HC=humongous(continues), CS=collection set, F=free, OA=open archive, CA=closed archive, TAMS=top-at-mark-start (previous, next)
|   0|0x0000000083600000, 0x0000000083700000, 0x0000000083700000|100%|HS|  |TAMS 0x0000000083600000, 0x0000000083700000| Complete 
|   1|0x0000000083700000, 0x0000000083800000, 0x0000000083800000|100%|HS|  |TAMS 0x0000000083700000, 0x0000000083800000| Complete 
|   2|0x0000000083800000, 0x0000000083900000, 0x0000000083900000|100%| O|  |TAMS 0x0000000083800000, 0x0000000083900000| Untracked 
|   3|0x0000000083900000, 0x0000000083a00000, 0x0000000083a00000|100%| O|  |TAMS 0x0000000083900000, 0x0000000083a00000| Untracked 
|   4|0x0000000083a00000, 0x0000000083b00000, 0x0000000083b00000|100%| O|  |TAMS 0x0000000083a00000, 0x0000000083b00000| Untracked 
|   5|0x0000000083b00000, 0x0000000083c00000, 0x0000000083c00000|100%| O|  |TAMS 0x0000000083b00000, 0x0000000083c00000| Untracked 
|   6|0x0000000083c00000, 0x0000000083d00000, 0x0000000083d00000|100%| O|  |TAMS 0x0000000083c00000, 0x0000000083d00000| Untracked 
|   7|0x0000000083d00000, 0x0000000083e00000, 0x0000000083e00000|100%| O|  |TAMS 0x0000000083d00000, 0x0000000083e00000| Untracked 
|   8|0x0000000083e00000, 0x0000000083f00000, 0x0000000083f00000|100%| O|  |TAMS 0x0000000083e00000, 0x0000000083f00000| Untracked 
|   9|0x0000000083f00000, 0x0000000084000000, 0x0000000084000000|100%| O|  |TAMS 0x0000000083f00000, 0x0000000084000000| Untracked 
|  10|0x0000000084000000, 0x0000000084100000, 0x0000000084100000|100%| O|  |TAMS 0x0000000084000000, 0x0000000084100000| Untracked 
|  11|0x0000000084100000, 0x0000000084200000, 0x0000000084200000|100%| O|  |TAMS 0x0000000084100000, 0x0000000084200000| Untracked 
|  12|0x0000000084200000, 0x0000000084300000, 0x0000000084300000|100%| O|  |TAMS 0x0000000084200000, 0x0000000084300000| Untracked 
|  13|0x0000000084300000, 0x0000000084400000, 0x0000000084400000|100%| O|  |TAMS 0x0000000084300000, 0x0000000084400000| Untracked 
|  14|0x0000000084400000, 0x0000000084500000, 0x0000000084500000|100%| O|  |TAMS 0x0000000084400000, 0x0000000084500000| Untracked 
|  15|0x0000000084500000, 0x0000000084600000, 0x0000000084600000|100%| O|  |TAMS 0x0000000084500000, 0x0000000084600000| Untracked 
|  16|0x0000000084600000, 0x0000000084700000, 0x0000000084700000|100%| O|  |TAMS 0x0000000084600000, 0x0000000084700000| Untracked 
|  17|0x0000000084700000, 0x0000000084800000, 0x0000000084800000|100%|HS|  |TAMS 0x0000000084700000, 0x0000000084800000| Complete 
|  18|0x0000000084800000, 0x0000000084900000, 0x0000000084900000|100%|HC|  |TAMS 0x0000000084800000, 0x0000000084900000| Complete 
|  19|0x0000000084900000, 0x0000000084a00000, 0x0000000084a00000|100%|HS|  |TAMS 0x0000000084900000, 0x0000000084a00000| Complete 
|  20|0x0000000084a00000, 0x0000000084b00000, 0x0000000084b00000|100%|HC|  |TAMS 0x0000000084a00000, 0x0000000084b00000| Complete 
|  21|0x0000000084b00000, 0x0000000084c00000, 0x0000000084c00000|100%|HC|  |TAMS 0x0000000084b00000, 0x0000000084c00000| Complete 
|  22|0x0000000084c00000, 0x0000000084d00000, 0x0000000084d00000|100%| O|  |TAMS 0x0000000084c00000, 0x0000000084d00000| Untracked 
|  23|0x0000000084d00000, 0x0000000084e00000, 0x0000000084e00000|100%| O|  |TAMS 0x0000000084d00000, 0x0000000084e00000| Untracked 
|  24|0x0000000084e00000, 0x0000000084f00000, 0x0000000084f00000|100%| O|  |TAMS 0x0000000084e00000, 0x0000000084f00000| Untracked 
|  25|0x0000000084f00000, 0x0000000085000000, 0x0000000085000000|100%| O|  |TAMS 0x0000000084f00000, 0x0000000085000000| Untracked 
|  26|0x0000000085000000, 0x0000000085100000, 0x0000000085100000|100%| O|  |TAMS 0x0000000085000000, 0x0000000085100000| Untracked 
|  27|0x0000000085100000, 0x0000000085200000, 0x0000000085200000|100%| O|  |TAMS 0x0000000085100000, 0x0000000085200000| Untracked 
|  28|0x0000000085200000, 0x0000000085300000, 0x0000000085300000|100%| O|  |TAMS 0x0000000085200000, 0x0000000085300000| Untracked 
|  29|0x0000000085300000, 0x0000000085400000, 0x0000000085400000|100%| O|  |TAMS 0x0000000085300000, 0x0000000085400000| Untracked 
|  30|0x0000000085400000, 0x0000000085500000, 0x0000000085500000|100%| O|  |TAMS 0x0000000085400000, 0x0000000085500000| Untracked 
|  31|0x0000000085500000, 0x0000000085600000, 0x0000000085600000|100%| O|  |TAMS 0x0000000085500000, 0x0000000085600000| Untracked 
|  32|0x0000000085600000, 0x0000000085700000, 0x0000000085700000|100%| O|  |TAMS 0x0000000085600000, 0x0000000085700000| Untracked 
|  33|0x0000000085700000, 0x0000000085800000, 0x0000000085800000|100%| O|  |TAMS 0x0000000085700000, 0x0000000085800000| Untracked 
|  34|0x0000000085800000, 0x0000000085900000, 0x0000000085900000|100%| O|  |TAMS 0x0000000085800000, 0x0000000085900000| Untracked 
|  35|0x0000000085900000, 0x0000000085a00000, 0x0000000085a00000|100%| O|  |TAMS 0x0000000085900000, 0x0000000085a00000| Untracked 
|  36|0x0000000085a00000, 0x0000000085b00000, 0x0000000085b00000|100%| O|  |TAMS 0x0000000085a00000, 0x0000000085b00000| Untracked 
|  37|0x0000000085b00000, 0x0000000085c00000, 0x0000000085c00000|100%|HS|  |TAMS 0x0000000085b00000, 0x0000000085c00000| Complete 
|  38|0x0000000085c00000, 0x0000000085d00000, 0x0000000085d00000|100%|HC|  |TAMS 0x0000000085c00000, 0x0000000085d00000| Complete 
|  39|0x0000000085d00000, 0x0000000085e00000, 0x0000000085e00000|100%|HC|  |TAMS 0x0000000085d00000, 0x0000000085e00000| Complete 
|  40|0x0000000085e00000, 0x0000000085f00000, 0x0000000085f00000|100%|HC|  |TAMS 0x0000000085e00000, 0x0000000085f00000| Complete 
|  41|0x0000000085f00000, 0x0000000086000000, 0x0000000086000000|100%| O|  |TAMS 0x0000000085f00000, 0x0000000086000000| Untracked 
|  42|0x0000000086000000, 0x0000000086100000, 0x0000000086100000|100%| O|  |TAMS 0x0000000086000000, 0x0000000086100000| Untracked 
|  43|0x0000000086100000, 0x0000000086200000, 0x0000000086200000|100%| O|  |TAMS 0x0000000086100000, 0x0000000086200000| Untracked 
|  44|0x0000000086200000, 0x0000000086300000, 0x0000000086300000|100%| O|  |TAMS 0x0000000086200000, 0x0000000086300000| Untracked 
|  45|0x0000000086300000, 0x0000000086400000, 0x0000000086400000|100%| O|  |TAMS 0x0000000086300000, 0x0000000086400000| Untracked 
|  46|0x0000000086400000, 0x0000000086500000, 0x0000000086500000|100%| O|  |TAMS 0x0000000086400000, 0x0000000086500000| Untracked 
|  47|0x0000000086500000, 0x0000000086600000, 0x0000000086600000|100%| O|  |TAMS 0x0000000086500000, 0x0000000086600000| Untracked 
|  48|0x0000000086600000, 0x0000000086700000, 0x0000000086700000|100%| O|  |TAMS 0x0000000086600000, 0x0000000086700000| Untracked 
|  49|0x0000000086700000, 0x0000000086800000, 0x0000000086800000|100%| O|  |TAMS 0x0000000086700000, 0x0000000086800000| Untracked 
|  50|0x0000000086800000, 0x0000000086900000, 0x0000000086900000|100%| O|  |TAMS 0x0000000086800000, 0x0000000086900000| Untracked 
|  51|0x0000000086900000, 0x0000000086a00000, 0x0000000086a00000|100%| O|  |TAMS 0x0000000086900000, 0x0000000086a00000| Untracked 
|  52|0x0000000086a00000, 0x0000000086b00000, 0x0000000086b00000|100%| O|  |TAMS 0x0000000086a00000, 0x0000000086b00000| Untracked 
|  53|0x0000000086b00000, 0x0000000086c00000, 0x0000000086c00000|100%| O|  |TAMS 0x0000000086b00000, 0x0000000086c00000| Untracked 
|  54|0x0000000086c00000, 0x0000000086d00000, 0x0000000086d00000|100%| O|  |TAMS 0x0000000086c00000, 0x0000000086d00000| Untracked 
|  55|0x0000000086d00000, 0x0000000086e00000, 0x0000000086e00000|100%| O|  |TAMS 0x0000000086d00000, 0x0000000086e00000| Untracked 
|  56|0x0000000086e00000, 0x0000000086f00000, 0x0000000086f00000|100%| O|  |TAMS 0x0000000086e00000, 0x0000000086f00000| Untracked 
|  57|0x0000000086f00000, 0x0000000087000000, 0x0000000087000000|100%| O|  |TAMS 0x0000000086f00000, 0x0000000087000000| Untracked 
|  58|0x0000000087000000, 0x0000000087100000, 0x0000000087100000|100%| O|  |TAMS 0x0000000087000000, 0x0000000087100000| Untracked 
|  59|0x0000000087100000, 0x0000000087200000, 0x0000000087200000|100%| O|  |TAMS 0x0000000087100000, 0x0000000087200000| Untracked 
|  60|0x0000000087200000, 0x0000000087300000, 0x0000000087300000|100%| O|  |TAMS 0x0000000087200000, 0x0000000087300000| Untracked 
|  61|0x0000000087300000, 0x0000000087400000, 0x0000000087400000|100%| O|  |TAMS 0x0000000087300000, 0x0000000087300000| Untracked 
|  62|0x0000000087400000, 0x0000000087500000, 0x0000000087500000|100%| O|  |TAMS 0x0000000087400000, 0x0000000087400000| Untracked 
|  63|0x0000000087500000, 0x0000000087600000, 0x0000000087600000|100%| O|  |TAMS 0x0000000087500000, 0x0000000087500000| Untracked 
|  64|0x0000000087600000, 0x0000000087700000, 0x0000000087700000|100%| O|  |TAMS 0x0000000087600000, 0x0000000087600000| Untracked 
|  65|0x0000000087700000, 0x0000000087800000, 0x0000000087800000|100%| O|  |TAMS 0x0000000087700000, 0x0000000087700000| Untracked 
|  66|0x0000000087800000, 0x0000000087900000, 0x0000000087900000|100%| O|  |TAMS 0x0000000087800000, 0x0000000087800000| Untracked 
|  67|0x0000000087900000, 0x0000000087a00000, 0x0000000087a00000|100%| O|  |TAMS 0x0000000087900000, 0x0000000087900000| Untracked 
|  68|0x0000000087a00000, 0x0000000087b00000, 0x0000000087b00000|100%| O|  |TAMS 0x0000000087a00000, 0x0000000087a00000| Untracked 
|  69|0x0000000087b00000, 0x0000000087c00000, 0x0000000087c00000|100%| O|  |TAMS 0x0000000087b00000, 0x0000000087b00000| Untracked 
|  70|0x0000000087c00000, 0x0000000087d00000, 0x0000000087d00000|100%| O|  |TAMS 0x0000000087c00000, 0x0000000087c00000| Untracked 
|  71|0x0000000087d00000, 0x0000000087e00000, 0x0000000087e00000|100%| O|  |TAMS 0x0000000087d00000, 0x0000000087d00000| Untracked 
|  72|0x0000000087e00000, 0x0000000087f00000, 0x0000000087f00000|100%| O|  |TAMS 0x0000000087e00000, 0x0000000087e00000| Untracked 
|  73|0x0000000087f00000, 0x0000000088000000, 0x0000000088000000|100%|HS|  |TAMS 0x0000000087f00000, 0x0000000087f00000| Complete 
|  74|0x0000000088000000, 0x0000000088100000, 0x0000000088100000|100%|HC|  |TAMS 0x0000000088000000, 0x0000000088000000| Complete 
|  75|0x0000000088100000, 0x0000000088200000, 0x0000000088200000|100%|HC|  |TAMS 0x0000000088100000, 0x0000000088100000| Complete 
|  76|0x0000000088200000, 0x0000000088300000, 0x0000000088300000|100%|HC|  |TAMS 0x0000000088200000, 0x0000000088200000| Complete 
|  77|0x0000000088300000, 0x0000000088400000, 0x0000000088400000|100%|HC|  |TAMS 0x0000000088300000, 0x0000000088300000| Complete 
|  78|0x0000000088400000, 0x0000000088500000, 0x0000000088500000|100%| O|  |TAMS 0x0000000088400000, 0x0000000088400000| Untracked 
|  79|0x0000000088500000, 0x0000000088600000, 0x0000000088600000|100%| O|  |TAMS 0x0000000088500000, 0x0000000088500000| Untracked 
|  80|0x0000000088600000, 0x0000000088700000, 0x0000000088700000|100%| O|  |TAMS 0x0000000088600000, 0x0000000088600000| Untracked 
|  81|0x0000000088700000, 0x0000000088800000, 0x0000000088800000|100%| O|  |TAMS 0x0000000088700000, 0x0000000088700000| Untracked 
|  82|0x0000000088800000, 0x0000000088900000, 0x0000000088900000|100%| O|  |TAMS 0x0000000088800000, 0x0000000088800000| Untracked 
|  83|0x0000000088900000, 0x0000000088a00000, 0x0000000088a00000|100%| O|  |TAMS 0x0000000088900000, 0x0000000088900000| Untracked 
|  84|0x0000000088a00000, 0x0000000088b00000, 0x0000000088b00000|100%| O|  |TAMS 0x0000000088a00000, 0x0000000088a00000| Untracked 
|  85|0x0000000088b00000, 0x0000000088c00000, 0x0000000088c00000|100%| O|  |TAMS 0x0000000088b00000, 0x0000000088b00000| Untracked 
|  86|0x0000000088c00000, 0x0000000088d00000, 0x0000000088d00000|100%| O|  |TAMS 0x0000000088c00000, 0x0000000088c00000| Untracked 
|  87|0x0000000088d00000, 0x0000000088e00000, 0x0000000088e00000|100%| O|  |TAMS 0x0000000088d00000, 0x0000000088d00000| Untracked 
|  88|0x0000000088e00000, 0x0000000088f00000, 0x0000000088f00000|100%| O|  |TAMS 0x0000000088e00000, 0x0000000088e00000| Untracked 
|  89|0x0000000088f00000, 0x0000000089000000, 0x0000000089000000|100%| O|  |TAMS 0x0000000088f00000, 0x0000000088f00000| Untracked 
|  90|0x0000000089000000, 0x0000000089080000, 0x0000000089100000| 50%| O|  |TAMS 0x0000000089000000, 0x0000000089000000| Untracked 
|  91|0x0000000089100000, 0x0000000089100000, 0x0000000089200000|  0%| F|  |TAMS 0x0000000089100000, 0x0000000089100000| Untracked 
|  92|0x0000000089200000, 0x0000000089200000, 0x0000000089300000|  0%| F|  |TAMS 0x0000000089200000, 0x0000000089200000| Untracked 
|  93|0x0000000089300000, 0x0000000089300000, 0x0000000089400000|  0%| F|  |TAMS 0x0000000089300000, 0x0000000089300000| Untracked 
|  94|0x0000000089400000, 0x0000000089400000, 0x0000000089500000|  0%| F|  |TAMS 0x0000000089400000, 0x0000000089400000| Untracked 
|  95|0x0000000089500000, 0x0000000089500000, 0x0000000089600000|  0%| F|  |TAMS 0x0000000089500000, 0x0000000089500000| Untracked 
|  96|0x0000000089600000, 0x0000000089600000, 0x0000000089700000|  0%| F|  |TAMS 0x0000000089600000, 0x0000000089600000| Untracked 
|  97|0x0000000089700000, 0x0000000089700000, 0x0000000089800000|  0%| F|  |TAMS 0x0000000089700000, 0x0000000089700000| Untracked 
|  98|0x0000000089800000, 0x0000000089800000, 0x0000000089900000|  0%| F|  |TAMS 0x0000000089800000, 0x0000000089800000| Untracked 
|  99|0x0000000089900000, 0x0000000089900000, 0x0000000089a00000|  0%| F|  |TAMS 0x0000000089900000, 0x0000000089900000| Untracked 
| 100|0x0000000089a00000, 0x0000000089a00000, 0x0000000089b00000|  0%| F|  |TAMS 0x0000000089a00000, 0x0000000089a00000| Untracked 
| 101|0x0000000089b00000, 0x0000000089b00000, 0x0000000089c00000|  0%| F|  |TAMS 0x0000000089b00000, 0x0000000089b00000| Untracked 
| 102|0x0000000089c00000, 0x0000000089c00000, 0x0000000089d00000|  0%| F|  |TAMS 0x0000000089c00000, 0x0000000089c00000| Untracked 
| 103|0x0000000089d00000, 0x0000000089d00000, 0x0000000089e00000|  0%| F|  |TAMS 0x0000000089d00000, 0x0000000089d00000| Untracked 
| 104|0x0000000089e00000, 0x0000000089e00000, 0x0000000089f00000|  0%| F|  |TAMS 0x0000000089e00000, 0x0000000089e00000| Untracked 
| 105|0x0000000089f00000, 0x0000000089f00000, 0x000000008a000000|  0%| F|  |TAMS 0x0000000089f00000, 0x0000000089f00000| Untracked 
| 106|0x000000008a000000, 0x000000008a000000, 0x000000008a100000|  0%| F|  |TAMS 0x000000008a000000, 0x000000008a000000| Untracked 
| 107|0x000000008a100000, 0x000000008a100000, 0x000000008a200000|  0%| F|  |TAMS 0x000000008a100000, 0x000000008a100000| Untracked 
| 108|0x000000008a200000, 0x000000008a200000, 0x000000008a300000|  0%| F|  |TAMS 0x000000008a200000, 0x000000008a200000| Untracked 
| 109|0x000000008a300000, 0x000000008a300000, 0x000000008a400000|  0%| F|  |TAMS 0x000000008a300000, 0x000000008a300000| Untracked 
| 110|0x000000008a400000, 0x000000008a500000, 0x000000008a500000|100%| S|CS|TAMS 0x000000008a400000, 0x000000008a400000| Complete 
| 111|0x000000008a500000, 0x000000008a500000, 0x000000008a600000|  0%| F|  |TAMS 0x000000008a500000, 0x000000008a500000| Untracked 
| 112|0x000000008a600000, 0x000000008a600000, 0x000000008a700000|  0%| F|  |TAMS 0x000000008a600000, 0x000000008a600000| Untracked 
| 113|0x000000008a700000, 0x000000008a700000, 0x000000008a800000|  0%| F|  |TAMS 0x000000008a700000, 0x000000008a700000| Untracked 
| 114|0x000000008a800000, 0x000000008a900000, 0x000000008a900000|100%| S|CS|TAMS 0x000000008a800000, 0x000000008a800000| Complete 
| 115|0x000000008a900000, 0x000000008a900000, 0x000000008aa00000|  0%| F|  |TAMS 0x000000008a900000, 0x000000008a900000| Untracked 
| 116|0x000000008aa00000, 0x000000008aa00000, 0x000000008ab00000|  0%| F|  |TAMS 0x000000008aa00000, 0x000000008aa00000| Untracked 
| 117|0x000000008ab00000, 0x000000008ab00000, 0x000000008ac00000|  0%| F|  |TAMS 0x000000008ab00000, 0x000000008ab00000| Untracked 
| 118|0x000000008ac00000, 0x000000008ac00000, 0x000000008ad00000|  0%| F|  |TAMS 0x000000008ac00000, 0x000000008ac00000| Untracked 
| 119|0x000000008ad00000, 0x000000008ad00000, 0x000000008ae00000|  0%| F|  |TAMS 0x000000008ad00000, 0x000000008ad00000| Untracked 
| 120|0x000000008ae00000, 0x000000008ae00000, 0x000000008af00000|  0%| F|  |TAMS 0x000000008ae00000, 0x000000008ae00000| Untracked 
| 121|0x000000008af00000, 0x000000008af00000, 0x000000008b000000|  0%| F|  |TAMS 0x000000008af00000, 0x000000008af00000| Untracked 
| 122|0x000000008b000000, 0x000000008b000000, 0x000000008b100000|  0%| F|  |TAMS 0x000000008b000000, 0x000000008b000000| Untracked 
| 123|0x000000008b100000, 0x000000008b100000, 0x000000008b200000|  0%| F|  |TAMS 0x000000008b100000, 0x000000008b100000| Untracked 
| 124|0x000000008b200000, 0x000000008b200000, 0x000000008b300000|  0%| F|  |TAMS 0x000000008b200000, 0x000000008b200000| Untracked 
| 125|0x000000008b300000, 0x000000008b300000, 0x000000008b400000|  0%| F|  |TAMS 0x000000008b300000, 0x000000008b300000| Untracked 

Card table byte_map: [0x0000015d7a470000,0x0000015d7a860000] _byte_map_base: 0x0000015d7a055000

Marking Bits (Prev, Next): (CMBitMap*) 0x0000015d71e3a620, (CMBitMap*) 0x0000015d71e3a660
 Prev Bits: [0x0000015d7ac50000, 0x0000015d7cb78000)
 Next Bits: [0x0000015d7cb80000, 0x0000015d7eaa8000)

Polling page: 0x0000015d6fd20000

Metaspace:

Usage:
  Non-class:    824.48 KB used.
      Class:     68.52 KB used.
       Both:    893.00 KB used.

Virtual space:
  Non-class space:       64.00 MB reserved,     896.00 KB (  1%) committed,  1 nodes.
      Class space:        1.00 GB reserved,     128.00 KB ( <1%) committed,  1 nodes.
             Both:        1.06 GB reserved,       1.00 MB ( <1%) committed. 

Chunk freelists:
   Non-Class:  3.95 MB
       Class:  3.73 MB
        Both:  7.68 MB

MaxMetaspaceSize: unlimited
CompressedClassSpaceSize: 1.00 GB
Initial GC threshold: 21.00 MB
Current GC threshold: 21.00 MB
CDS: on
MetaspaceReclaimPolicy: balanced
 - commit_granule_bytes: 65536.
 - commit_granule_words: 8192.
 - virtual_space_node_default_size: 8388608.
 - enlarge_chunks_in_place: 1.
 - new_chunks_are_fully_committed: 0.
 - uncommit_free_chunks: 1.
 - use_allocation_guard: 0.


Internal statistics:

num_allocs_failed_limit: 0.
num_arena_births: 24.
num_arena_deaths: 0.
num_vsnodes_births: 2.
num_vsnodes_deaths: 0.
num_space_committed: 16.
num_space_uncommitted: 0.
num_chunks_returned_to_freelist: 0.
num_chunks_taken_from_freelist: 30.
num_chunk_merges: 0.
num_chunk_splits: 20.
num_chunks_enlarged: 13.
num_inconsistent_stats: 0.

CodeHeap 'non-profiled nmethods': size=120000Kb used=112Kb max_used=112Kb free=119887Kb
 bounds [0x0000015d07ad0000, 0x0000015d07d40000, 0x0000015d0f000000]
CodeHeap 'profiled nmethods': size=120000Kb used=376Kb max_used=376Kb free=119623Kb
 bounds [0x0000015d00000000, 0x0000015d00270000, 0x0000015d07530000]
CodeHeap 'non-nmethods': size=5760Kb used=1278Kb max_used=1293Kb free=4481Kb
 bounds [0x0000015d07530000, 0x0000015d077a0000, 0x0000015d07ad0000]
 total_blobs=705 nmethods=311 adapters=305
 compilation: enabled
              stopped_count=0, restarted_count=0
 full_count=0

Compilation events (20 events):
Event: 0.236 Thread 0x0000015d7f4eae30  302       1       java.util.ArrayList::size (5 bytes)
Event: 0.237 Thread 0x0000015d7f4eae30 nmethod 302 0x0000015d07aea790 code [0x0000015d07aea920, 0x0000015d07aea9d8]
Event: 0.237 Thread 0x0000015d7f4eae30  303       3       java.util.AbstractList::<init> (10 bytes)
Event: 0.237 Thread 0x0000015d7f4eae30 nmethod 303 0x0000015d00057b10 code [0x0000015d00057cc0, 0x0000015d00057e98]
Event: 0.237 Thread 0x0000015d7f4eae30  305       3       U1::<init> (58 bytes)
Event: 0.237 Thread 0x0000015d7f4eae30 nmethod 305 0x0000015d00057f90 code [0x0000015d00058160, 0x0000015d00058618]
Event: 0.237 Thread 0x0000015d7f4eae30  304       3       java.util.ArrayList::<init> (12 bytes)
Event: 0.237 Thread 0x0000015d7f4eae30 nmethod 304 0x0000015d00058790 code [0x0000015d00058940, 0x0000015d00058bd8]
Event: 0.237 Thread 0x0000015d7f4eae30  306       3       Rocket::<init> (18 bytes)
Event: 0.237 Thread 0x0000015d7f4eae30 nmethod 306 0x0000015d00058d10 code [0x0000015d00058ec0, 0x0000015d00059038]
Event: 0.238 Thread 0x0000015d7f4ea4c0  307       4       java.util.ArrayList::add (25 bytes)
Event: 0.241 Thread 0x0000015d7f4ea4c0 nmethod 307 0x0000015d07aeaa90 code [0x0000015d07aeac20, 0x0000015d07aeaf28]
Event: 0.241 Thread 0x0000015d7f4ea4c0  308       4       U1::<init> (58 bytes)
Event: 0.243 Thread 0x0000015d7f4ea4c0 nmethod 308 0x0000015d07aeb110 code [0x0000015d07aeb2c0, 0x0000015d07aeb498]
Event: 0.247 Thread 0x0000015d7f4eae30  309 %     3       Simulation::loadU1s @ 8 (114 bytes)
Event: 0.248 Thread 0x0000015d7f4eae30 nmethod 309% 0x0000015d00059110 code [0x0000015d00059480, 0x0000015d0005afb8]
Event: 0.248 Thread 0x0000015d7f4eae30  310       3       Simulation::loadU1s (114 bytes)
Event: 0.249 Thread 0x0000015d7f4eae30 nmethod 310 0x0000015d0005ba10 code [0x0000015d0005bd80, 0x0000015d0005d798]
Event: 0.250 Thread 0x0000015d7f4ea4c0  311 %     4       Simulation::loadU1s @ 8 (114 bytes)
Event: 0.257 Thread 0x0000015d7f4ea4c0 nmethod 311% 0x0000015d07aeb590 code [0x0000015d07aeb760, 0x0000015d07aebd48]

GC Heap History (9 events):
Event: 0.258 GC heap before
{Heap before GC invocations=0 (full 0):
 garbage-first heap   total 129024K, used 25600K [0x0000000083600000, 0x0000000100000000)
  region size 1024K, 23 young (23552K), 0 survivors (0K)
 Metaspace       used 892K, committed 1024K, reserved 1114112K
  class space    used 68K, committed 128K, reserved 1048576K
}
Event: 0.280 GC heap after
{Heap after GC invocations=1 (full 0):
 garbage-first heap   total 129024K, used 20480K [0x0000000083600000, 0x0000000100000000)
  region size 1024K, 3 young (3072K), 3 survivors (3072K)
 Metaspace       used 892K, committed 1024K, reserved 1114112K
  class space    used 68K, committed 128K, reserved 1048576K
}
Event: 0.289 GC heap before
{Heap before GC invocations=1 (full 0):
 garbage-first heap   total 129024K, used 38912K [0x0000000083600000, 0x0000000100000000)
  region size 1024K, 16 young (16384K), 3 survivors (3072K)
 Metaspace       used 893K, committed 1024K, reserved 1114112K
  class space    used 68K, committed 128K, reserved 1048576K
}
Event: 0.308 GC heap after
{Heap after GC invocations=2 (full 0):
 garbage-first heap   total 129024K, used 39424K [0x0000000083600000, 0x0000000100000000)
  region size 1024K, 2 young (2048K), 2 survivors (2048K)
 Metaspace       used 893K, committed 1024K, reserved 1114112K
  class space    used 68K, committed 128K, reserved 1048576K
}
Event: 0.314 GC heap before
{Heap before GC invocations=2 (full 0):
 garbage-first heap   total 129024K, used 65024K [0x0000000083600000, 0x0000000100000000)
  region size 1024K, 23 young (23552K), 2 survivors (2048K)
 Metaspace       used 893K, committed 1024K, reserved 1114112K
  class space    used 68K, committed 128K, reserved 1048576K
}
Event: 0.331 GC heap after
{Heap after GC invocations=3 (full 0):
 garbage-first heap   total 129024K, used 65536K [0x0000000083600000, 0x0000000100000000)
  region size 1024K, 3 young (3072K), 3 survivors (3072K)
 Metaspace       used 893K, committed 1024K, reserved 1114112K
  class space    used 68K, committed 128K, reserved 1048576K
}
Event: 0.335 GC heap before
{Heap before GC invocations=3 (full 0):
 garbage-first heap   total 129024K, used 76800K [0x0000000083600000, 0x0000000100000000)
  region size 1024K, 15 young (15360K), 3 survivors (3072K)
 Metaspace       used 893K, committed 1024K, reserved 1114112K
  class space    used 68K, committed 128K, reserved 1048576K
}
Event: 0.345 GC heap after
{Heap after GC invocations=4 (full 0):
 garbage-first heap   total 129024K, used 77312K [0x0000000083600000, 0x0000000100000000)
  region size 1024K, 3 young (3072K), 3 survivors (3072K)
 Metaspace       used 893K, committed 1024K, reserved 1114112K
  class space    used 68K, committed 128K, reserved 1048576K
}
Event: 0.353 GC heap before
{Heap before GC invocations=4 (full 0):
 garbage-first heap   total 129024K, used 93696K [0x0000000083600000, 0x0000000100000000)
  region size 1024K, 14 young (14336K), 3 survivors (3072K)
 Metaspace       used 893K, committed 1024K, reserved 1114112K
  class space    used 68K, committed 128K, reserved 1048576K
}

Dll operation events (7 events):
Event: 0.015 Loaded shared library C:\Program Files\Java\jdk-19\bin\java.dll
Event: 0.017 Loaded shared library C:\Program Files\Java\jdk-19\bin\zip.dll
Event: 0.032 Loaded shared library C:\Program Files\Java\jdk-19\bin\jsvml.dll
Event: 0.163 Loaded shared library C:\Program Files\Java\jdk-19\bin\instrument.dll
Event: 0.196 Loaded shared library C:\Program Files\Java\jdk-19\bin\net.dll
Event: 0.197 Loaded shared library C:\Program Files\Java\jdk-19\bin\nio.dll
Event: 0.207 Loaded shared library C:\Program Files\Java\jdk-19\bin\jimage.dll

Deoptimization events (10 events):
Event: 0.180 Thread 0x0000015d71dda810 Uncommon trap: trap_request=0xffffff45 fr.pc=0x0000015d07ae1cd8 relative=0x00000000000000b8
Event: 0.180 Thread 0x0000015d71dda810 Uncommon trap: reason=unstable_if action=reinterpret pc=0x0000015d07ae1cd8 method=java.lang.String.isLatin1()Z @ 10 c2
Event: 0.180 Thread 0x0000015d71dda810 DEOPT PACKING pc=0x0000015d07ae1cd8 sp=0x0000002ffe6ff260
Event: 0.180 Thread 0x0000015d71dda810 DEOPT UNPACKING pc=0x0000015d0759a5a3 sp=0x0000002ffe6ff1b0 mode 2
Event: 0.230 Thread 0x0000015d71dda810 Uncommon trap: trap_request=0xffffff45 fr.pc=0x0000015d07ae906c relative=0x00000000000005ec
Event: 0.230 Thread 0x0000015d71dda810 Uncommon trap: reason=unstable_if action=reinterpret pc=0x0000015d07ae906c method=java.util.regex.Matcher.search(I)Z @ 30 c2
Event: 0.230 Thread 0x0000015d71dda810 DEOPT PACKING pc=0x0000015d07ae906c sp=0x0000002ffe6ff4a0
Event: 0.230 Thread 0x0000015d71dda810 DEOPT UNPACKING pc=0x0000015d0759a5a3 sp=0x0000002ffe6ff4a0 mode 2
Event: 0.257 Thread 0x0000015d71dda810 DEOPT PACKING pc=0x0000015d0005aedc sp=0x0000002ffe6ff690
Event: 0.257 Thread 0x0000015d71dda810 DEOPT UNPACKING pc=0x0000015d0759b0e3 sp=0x0000002ffe6febf0 mode 0

Classes loaded (20 events):
Event: 0.228 Loading class sun/nio/ch/Util
Event: 0.228 Loading class sun/nio/ch/Util done
Event: 0.228 Loading class sun/nio/ch/Util$1
Event: 0.228 Loading class sun/nio/ch/Util$1 done
Event: 0.228 Loading class sun/nio/ch/Util$BufferCache
Event: 0.228 Loading class sun/nio/ch/Util$BufferCache done
Event: 0.229 Loading class java/nio/DirectByteBuffer$Deallocator
Event: 0.229 Loading class java/nio/DirectByteBuffer$Deallocator done
Event: 0.229 Loading class sun/nio/ch/IOStatus
Event: 0.229 Loading class sun/nio/ch/IOStatus done
Event: 0.230 Loading class java/util/regex/Matcher$ImmutableMatchResult
Event: 0.230 Loading class java/util/regex/Matcher$ImmutableMatchResult done
Event: 0.230 Loading class Item
Event: 0.230 Loading class Item done
Event: 0.232 Loading class U1
Event: 0.232 Loading class U1 done
Event: 0.234 Loading class Rocket
Event: 0.234 Loading class Rocket done
Event: 0.235 Loading class SpaceShip
Event: 0.235 Loading class SpaceShip done

Classes unloaded (0 events):
No events

Classes redefined (0 events):
No events

Internal exceptions (2 events):
Event: 0.164 Thread 0x0000015d71dda810 Exception <a 'java/lang/NoSuchMethodError'{0x000000008b122fb0}: 'void java.lang.invoke.DirectMethodHandle$Holder.invokeStatic(java.lang.Object, java.lang.Object, java.lang.Object)'> (0x000000008b122fb0) 
thrown [s\open\src\hotspot\share\interpreter\linkResolver.cpp, line 774]
Event: 0.169 Thread 0x0000015d71dda810 Exception <a 'java/lang/NoSuchMethodError'{0x000000008b13b5a8}: 'java.lang.Object java.lang.invoke.Invokers$Holder.invokeExact_MT(java.lang.Object, java.lang.Object, java.lang.Object, java.lang.Object, java.lang.Object)'> (0x000000008b13b5a8) 
thrown [s\open\src\hotspot\share\interpreter\linkResolver.cpp, line 774]

VM Operations (17 events):
Event: 0.099 Executing VM operation: HandshakeAllThreads
Event: 0.099 Executing VM operation: HandshakeAllThreads done
Event: 0.116 Executing VM operation: ChangeBreakpoints
Event: 0.116 Executing VM operation: ChangeBreakpoints done
Event: 0.160 Executing VM operation: ChangeBreakpoints
Event: 0.160 Executing VM operation: ChangeBreakpoints done
Event: 0.161 Executing VM operation: ChangeBreakpoints
Event: 0.161 Executing VM operation: ChangeBreakpoints done
Event: 0.258 Executing VM operation: G1CollectForAllocation
Event: 0.281 Executing VM operation: G1CollectForAllocation done
Event: 0.288 Executing VM operation: G1CollectForAllocation
Event: 0.308 Executing VM operation: G1CollectForAllocation done
Event: 0.314 Executing VM operation: G1CollectForAllocation
Event: 0.331 Executing VM operation: G1CollectForAllocation done
Event: 0.335 Executing VM operation: G1TryInitiateConcMark
Event: 0.345 Executing VM operation: G1TryInitiateConcMark done
Event: 0.353 Executing VM operation: G1CollectForAllocation

Events (15 events):
Event: 0.033 Thread 0x0000015d71dda810 Thread added: 0x0000015d71dda810
Event: 0.057 Thread 0x0000015d7f4d5a90 Thread added: 0x0000015d7f4d5a90
Event: 0.057 Thread 0x0000015d7f4d6f80 Thread added: 0x0000015d7f4d6f80
Event: 0.057 Thread 0x0000015d7f4dd410 Thread added: 0x0000015d7f4dd410
Event: 0.057 Thread 0x0000015d7f4e0340 Thread added: 0x0000015d7f4e0340
Event: 0.058 Thread 0x0000015d7f4e25c0 Thread added: 0x0000015d7f4e25c0
Event: 0.058 Thread 0x0000015d7f4e39d0 Thread added: 0x0000015d7f4e39d0
Event: 0.058 Thread 0x0000015d7f4ea4c0 Thread added: 0x0000015d7f4ea4c0
Event: 0.058 Thread 0x0000015d7f4eae30 Thread added: 0x0000015d7f4eae30
Event: 0.058 Thread 0x0000015d7f4ec0f0 Thread added: 0x0000015d7f4ec0f0
Event: 0.092 Thread 0x0000015d7f4ed0e0 Thread added: 0x0000015d7f4ed0e0
Event: 0.115 Thread 0x0000015d7f78af70 Thread added: 0x0000015d7f78af70
Event: 0.115 Thread 0x0000015d7f78b6d0 Thread added: 0x0000015d7f78b6d0
Event: 0.116 Thread 0x0000015d7f82c040 Thread added: 0x0000015d7f82c040
Event: 0.178 Thread 0x0000015d7f4ee0d0 Thread added: 0x0000015d7f4ee0d0


Dynamic libraries:
0x00007ff77f960000 - 0x00007ff77f970000 	C:\Program Files\Java\jdk-19\bin\java.exe
0x00007fffc08f0000 - 0x00007fffc0b04000 	C:\WINDOWS\SYSTEM32\ntdll.dll
0x00007fffbfa80000 - 0x00007fffbfb43000 	C:\WINDOWS\System32\KERNEL32.DLL
0x00007fffbe340000 - 0x00007fffbe6dd000 	C:\WINDOWS\System32\KERNELBASE.dll
0x00007fffbddd0000 - 0x00007fffbdee1000 	C:\WINDOWS\System32\ucrtbase.dll
0x00007fffb7fb0000 - 0x00007fffb7fcb000 	C:\Program Files\Java\jdk-19\bin\VCRUNTIME140.dll
0x00007fffb7ff0000 - 0x00007fffb8008000 	C:\Program Files\Java\jdk-19\bin\jli.dll
0x00007fffbe880000 - 0x00007fffbe92e000 	C:\WINDOWS\System32\ADVAPI32.dll
0x00007fffc02c0000 - 0x00007fffc0367000 	C:\WINDOWS\System32\msvcrt.dll
0x00007fffbf810000 - 0x00007fffbf8b4000 	C:\WINDOWS\System32\sechost.dll
0x00007fffc01a0000 - 0x00007fffc02b5000 	C:\WINDOWS\System32\RPCRT4.dll
0x00007fffc0460000 - 0x00007fffc060d000 	C:\WINDOWS\System32\USER32.dll
0x00007fffbe0d0000 - 0x00007fffbe0f6000 	C:\WINDOWS\System32\win32u.dll
0x00007fff9d9d0000 - 0x00007fff9dc5e000 	C:\WINDOWS\WinSxS\amd64_microsoft.windows.common-controls_6595b64144ccf1df_6.0.22621.608_none_a9444ca7c10bb01d\COMCTL32.dll
0x00007fffbe6e0000 - 0x00007fffbe709000 	C:\WINDOWS\System32\GDI32.dll
0x00007fffbe1a0000 - 0x00007fffbe2b2000 	C:\WINDOWS\System32\gdi32full.dll
0x00007fffbe100000 - 0x00007fffbe19a000 	C:\WINDOWS\System32\msvcp_win.dll
0x00007fffad1e0000 - 0x00007fffad1ea000 	C:\WINDOWS\SYSTEM32\VERSION.dll
0x00007fffbe820000 - 0x00007fffbe852000 	C:\WINDOWS\System32\IMM32.DLL
0x00007fffba8b0000 - 0x00007fffba8bc000 	C:\Program Files\Java\jdk-19\bin\vcruntime140_1.dll
0x00007fffb6850000 - 0x00007fffb68de000 	C:\Program Files\Java\jdk-19\bin\msvcp140.dll
0x00007fff7c490000 - 0x00007fff7d150000 	C:\Program Files\Java\jdk-19\bin\server\jvm.dll
0x00007fffbb520000 - 0x00007fffbb554000 	C:\WINDOWS\SYSTEM32\WINMM.dll
0x00007fffb7e80000 - 0x00007fffb7e89000 	C:\WINDOWS\SYSTEM32\WSOCK32.dll
0x00007fffc03e0000 - 0x00007fffc0451000 	C:\WINDOWS\System32\WS2_32.dll
0x00007fffbcde0000 - 0x00007fffbcdf8000 	C:\WINDOWS\SYSTEM32\kernel.appcore.dll
0x00007fffb7fe0000 - 0x00007fffb7fea000 	C:\Program Files\Java\jdk-19\bin\jimage.dll
0x00007fffbb2c0000 - 0x00007fffbb4ee000 	C:\WINDOWS\SYSTEM32\DBGHELP.DLL
0x00007fffbe990000 - 0x00007fffbed1a000 	C:\WINDOWS\System32\combase.dll
0x00007fffbf6b0000 - 0x00007fffbf787000 	C:\WINDOWS\System32\OLEAUT32.dll
0x00007fffbb190000 - 0x00007fffbb1c2000 	C:\WINDOWS\SYSTEM32\dbgcore.DLL
0x00007fffbe2c0000 - 0x00007fffbe33b000 	C:\WINDOWS\System32\bcryptPrimitives.dll
0x00007fffb67a0000 - 0x00007fffb67dc000 	C:\Program Files\Java\jdk-19\bin\jdwp.dll
0x00007fffb7ea0000 - 0x00007fffb7eae000 	C:\Program Files\Java\jdk-19\bin\instrument.dll
0x00007fffb6f20000 - 0x00007fffb6f46000 	C:\Program Files\Java\jdk-19\bin\java.dll
0x00007fffb71c0000 - 0x00007fffb71d8000 	C:\Program Files\Java\jdk-19\bin\zip.dll
0x00007fff91760000 - 0x00007fff91837000 	C:\Program Files\Java\jdk-19\bin\jsvml.dll
0x00007fffbee60000 - 0x00007fffbf64f000 	C:\WINDOWS\System32\SHELL32.dll
0x00007fffbbce0000 - 0x00007fffbc5a8000 	C:\WINDOWS\SYSTEM32\windows.storage.dll
0x00007fffbbba0000 - 0x00007fffbbcde000 	C:\WINDOWS\SYSTEM32\wintypes.dll
0x00007fffc0720000 - 0x00007fffc0811000 	C:\WINDOWS\System32\SHCORE.dll
0x00007fffbe930000 - 0x00007fffbe98e000 	C:\WINDOWS\System32\shlwapi.dll
0x00007fffbdc40000 - 0x00007fffbdc61000 	C:\WINDOWS\SYSTEM32\profapi.dll
0x00007fffb7e90000 - 0x00007fffb7e9c000 	C:\Program Files\Java\jdk-19\bin\dt_socket.dll
0x00007fffbc810000 - 0x00007fffbc83d000 	C:\WINDOWS\SYSTEM32\IPHLPAPI.DLL
0x00007fffbd2c0000 - 0x00007fffbd329000 	C:\WINDOWS\system32\mswsock.dll
0x00007fffb7180000 - 0x00007fffb7193000 	C:\Program Files\Java\jdk-19\bin\net.dll
0x00007fffb7710000 - 0x00007fffb783f000 	C:\WINDOWS\SYSTEM32\WINHTTP.dll
0x00007fffb66d0000 - 0x00007fffb66e6000 	C:\Program Files\Java\jdk-19\bin\nio.dll

dbghelp: loaded successfully - version: 4.0.5 - missing functions: none
symbol engine: initialized successfully - sym options: 0x614 - pdb path: .;C:\Program Files\Java\jdk-19\bin;C:\WINDOWS\SYSTEM32;C:\WINDOWS\WinSxS\amd64_microsoft.windows.common-controls_6595b64144ccf1df_6.0.22621.608_none_a9444ca7c10bb01d;C:\Program Files\Java\jdk-19\bin\server

VM Arguments:
jvm_args: -agentlib:jdwp=transport=dt_socket,address=127.0.0.1:56010,suspend=y,server=n -javaagent:C:\Users\caspa\AppData\Local\JetBrains\IdeaIC2022.2\captureAgent\debugger-agent.jar -Dfile.encoding=UTF-8 -Dsun.stdout.encoding=UTF-8 -Dsun.stderr.encoding=UTF-8 
java_command: Main
java_class_path (initial): C:\Users\caspa\OneDrive\Documents\Programming\Java\MissionToMars\out\production\MissionToMars;C:\Program Files\JetBrains\IntelliJ IDEA Community Edition 2022.2.3\lib\idea_rt.jar
Launcher Type: SUN_STANDARD

[Global flags]
     intx CICompilerCount                          = 4                                         {product} {ergonomic}
     uint ConcGCThreads                            = 2                                         {product} {ergonomic}
     uint G1ConcRefinementThreads                  = 8                                         {product} {ergonomic}
   size_t G1HeapRegionSize                         = 1048576                                   {product} {ergonomic}
    uintx GCDrainStackTargetSize                   = 64                                        {product} {ergonomic}
   size_t InitialHeapSize                          = 132120576                                 {product} {ergonomic}
   size_t MarkStackSize                            = 4194304                                   {product} {ergonomic}
   size_t MaxHeapSize                              = 2090860544                                {product} {ergonomic}
   size_t MaxNewSize                               = 1254096896                                {product} {ergonomic}
   size_t MinHeapDeltaBytes                        = 1048576                                   {product} {ergonomic}
   size_t MinHeapSize                              = 8388608                                   {product} {ergonomic}
    uintx NonNMethodCodeHeapSize                   = 5839372                                {pd product} {ergonomic}
    uintx NonProfiledCodeHeapSize                  = 122909434                              {pd product} {ergonomic}
    uintx ProfiledCodeHeapSize                     = 122909434                              {pd product} {ergonomic}
    uintx ReservedCodeCacheSize                    = 251658240                              {pd product} {ergonomic}
     bool SegmentedCodeCache                       = true                                      {product} {ergonomic}
   size_t SoftMaxHeapSize                          = 2090860544                             {manageable} {ergonomic}
     bool UseCompressedClassPointers               = true                           {product lp64_product} {ergonomic}
     bool UseCompressedOops                        = true                           {product lp64_product} {ergonomic}
     bool UseG1GC                                  = true                                      {product} {ergonomic}
     bool UseLargePagesIndividualAllocation        = false                                  {pd product} {ergonomic}

Logging:
Log output configuration:
 #0: stdout all=warning uptime,level,tags foldmultilines=false
 #1: stderr all=off uptime,level,tags foldmultilines=false

Environment Variables:
PATH=C:\Program Files\Common Files\Oracle\Java\javapath;C:\WINDOWS\system32;C:\WINDOWS;C:\WINDOWS\System32\Wbem;C:\WINDOWS\System32\WindowsPowerShell\v1.0\;C:\WINDOWS\System32\OpenSSH\;C:\Program Files\dotnet\;C:\Program Files\Java\jdk-19\bin;C:\Users\caspa\AppData\Local\Microsoft\WindowsApps;;C:\Program Files\JetBrains\IntelliJ IDEA Community Edition 2022.2.3\bin;;C:\Users\caspa\.dotnet\tools
USERNAME=caspa
OS=Windows_NT
PROCESSOR_IDENTIFIER=Intel64 Family 6 Model 140 Stepping 1, GenuineIntel
TMP=C:\Users\caspa\AppData\Local\Temp
TEMP=C:\Users\caspa\AppData\Local\Temp



---------------  S Y S T E M  ---------------

OS:
 Windows 11 , 64 bit Build 22621 (10.0.22621.1105)
OS uptime: 4 days 9:52 hours
Hyper-V role detected

CPU: total 8 (initial active 8) (4 cores per cpu, 2 threads per core) family 6 model 140 stepping 1 microcode 0x86, cx8, cmov, fxsr, ht, mmx, 3dnowpref, sse, sse2, sse3, ssse3, sse4.1, sse4.2, popcnt, lzcnt, tsc, tscinvbit, avx, avx2, aes, erms, clmul, bmi1, bmi2, adx, avx512f, avx512dq, avx512cd, avx512bw, avx512vl, sha, fma, vzeroupper, avx512_vpopcntdq, avx512_vpclmulqdq, avx512_vaes, avx512_vnni, clflush, clflushopt, clwb, avx512_vbmi2, avx512_vbmi, hv, rdtscp, rdpid, fsrm, gfni, avx512_bitalg

Memory: 4k page, system-wide physical 7975M (958M free)
TotalPageFile size 32551M (AvailPageFile size 20M)
current process WorkingSet (physical memory assigned to process): 149M, peak: 149M
current process commit charge ("private bytes"): 211M, peak: 463M

vm_info: Java HotSpot(TM) 64-Bit Server VM (19.0.1+10-21) for windows-amd64 JRE (19.0.1+10-21), built on 2022-09-14T12:45:06Z by "mach5one" with MS VC++ 17.1 (VS2022)

END.
